build/app/intermediates/manifest_merge_blame_file/debug/manifest-merger-blame-debug-report.txt
1<?xml version="1.0" encoding="utf-8"?>
2<manifest xmlns:android="http://schemas.android.com/apk/res/android"
3    package="com.example.smw_shop_backend"
4    android:versionCode="1"
5    android:versionName="1.0.0" >
6
7    <uses-sdk
8        android:minSdkVersion="16"
9        android:targetSdkVersion="30" />
10    <!--
11         Flutter needs it to communicate with the running application
12         to allow setting breakpoints, to provide hot reload, etc.
13    -->
14    <uses-permission android:name="android.permission.INTERNET" />
14-->src\main\AndroidManifest.xml:3:5-66
14-->src\main\AndroidManifest.xml:3:22-64
15    <uses-permission android:name="com.google.android.finsky.permission.BIND_GET_INSTALL_REFERRER_SERVICE" />
15-->[com.android.installreferrer:installreferrer:1.0] AndroidManifest.xml:9:5-110
15-->[com.android.installreferrer:installreferrer:1.0] AndroidManifest.xml:9:22-107
16
17    <application
17-->src\main\AndroidManifest.xml:4:4-62:19
18        android:appComponentFactory="androidx.core.app.CoreComponentFactory"
18-->[androidx.core:core:1.3.2] AndroidManifest.xml:24:18-86
19        android:debuggable="true"
20        android:icon="@mipmap/ic_launcher"
20-->src\main\AndroidManifest.xml:6:9-43
21        android:label="smw_shop_backend"
21-->src\main\AndroidManifest.xml:5:9-41
22        android:supportsRtl="true"
22-->[com.facebook.android:facebook-android-sdk:8.2.0] AndroidManifest.xml:28:18-44
23        android:usesCleartextTraffic="true" >
23-->src\main\AndroidManifest.xml:7:8-43
24        <meta-data
24-->src\main\AndroidManifest.xml:8:8-106
25            android:name="com.facebook.sdk.ApplicationId"
25-->src\main\AndroidManifest.xml:8:19-64
26            android:value="@string/facebook_app_id" />
26-->src\main\AndroidManifest.xml:8:65-104
27
28        <activity
28-->src\main\AndroidManifest.xml:10:8-13:47
29            android:name="com.facebook.FacebookActivity"
29-->src\main\AndroidManifest.xml:10:18-62
30            android:configChanges="keyboard|keyboardHidden|screenLayout|screenSize|orientation"
30-->src\main\AndroidManifest.xml:11:12-112
31            android:label="@string/app_name"
31-->src\main\AndroidManifest.xml:13:12-44
32            android:theme="@style/com_facebook_activity_theme" />
32-->[com.facebook.android:facebook-common:12.0.1] AndroidManifest.xml:33:13-63
33        <activity
33-->src\main\AndroidManifest.xml:14:8-23:19
34            android:name="com.facebook.CustomTabActivity"
34-->src\main\AndroidManifest.xml:15:12-57
35            android:exported="true" >
35-->src\main\AndroidManifest.xml:16:12-35
36            <intent-filter>
36-->src\main\AndroidManifest.xml:17:12-22:28
37                <action android:name="android.intent.action.VIEW" />
37-->src\main\AndroidManifest.xml:18:16-68
37-->src\main\AndroidManifest.xml:18:24-65
38
39                <category android:name="android.intent.category.DEFAULT" />
39-->src\main\AndroidManifest.xml:19:16-75
39-->src\main\AndroidManifest.xml:19:26-72
40                <category android:name="android.intent.category.BROWSABLE" />
40-->src\main\AndroidManifest.xml:20:16-77
40-->src\main\AndroidManifest.xml:20:26-74
41
42                <data android:scheme="@string/fb_login_protocol_scheme" />
42-->src\main\AndroidManifest.xml:21:16-74
42-->src\main\AndroidManifest.xml:21:22-71
43            </intent-filter>
44            <intent-filter>
44-->[com.facebook.android:facebook-common:12.0.1] AndroidManifest.xml:39:13-48:29
45                <action android:name="android.intent.action.VIEW" />
45-->src\main\AndroidManifest.xml:18:16-68
45-->src\main\AndroidManifest.xml:18:24-65
46
47                <category android:name="android.intent.category.DEFAULT" />
47-->src\main\AndroidManifest.xml:19:16-75
47-->src\main\AndroidManifest.xml:19:26-72
48                <category android:name="android.intent.category.BROWSABLE" />
48-->src\main\AndroidManifest.xml:20:16-77
48-->src\main\AndroidManifest.xml:20:26-74
49
50                <data
50-->src\main\AndroidManifest.xml:21:16-74
51                    android:host="cct.com.example.smw_shop_backend"
52                    android:scheme="fbconnect" />
52-->src\main\AndroidManifest.xml:21:22-71
53            </intent-filter>
54        </activity>
55        <activity
55-->src\main\AndroidManifest.xml:25:8-53:20
56            android:name="com.example.smw_shop_backend.MainActivity"
56-->src\main\AndroidManifest.xml:26:13-41
57            android:configChanges="orientation|keyboardHidden|keyboard|screenSize|smallestScreenSize|locale|layoutDirection|fontScale|screenLayout|density|uiMode"
57-->src\main\AndroidManifest.xml:29:13-163
58            android:hardwareAccelerated="true"
58-->src\main\AndroidManifest.xml:30:13-47
59            android:launchMode="singleTop"
59-->src\main\AndroidManifest.xml:27:13-43
60            android:theme="@style/LaunchTheme"
60-->src\main\AndroidManifest.xml:28:13-47
61            android:windowSoftInputMode="adjustResize" >
61-->src\main\AndroidManifest.xml:31:13-55
62
63            <!--
64                 Specifies an Android theme to apply to this Activity as soon as
65                 the Android process has started. This theme is visible to the user
66                 while the Flutter UI initializes. After that, this theme continues
67                 to determine the Window background behind the Flutter UI.
68            -->
69            <meta-data
69-->src\main\AndroidManifest.xml:36:13-39:17
70                android:name="io.flutter.embedding.android.NormalTheme"
70-->src\main\AndroidManifest.xml:37:15-70
71                android:resource="@style/NormalTheme" />
71-->src\main\AndroidManifest.xml:38:15-52
72            <!--
73                 Displays an Android View that continues showing the launch screen
74                 Drawable until Flutter paints its first frame, then this splash
75                 screen fades out. A splash screen is useful to avoid any visual
76                 gap between the end of Android's launch screen and the painting of
77                 Flutter's first frame.
78            -->
79            <meta-data
79-->src\main\AndroidManifest.xml:45:13-48:17
80                android:name="io.flutter.embedding.android.SplashScreenDrawable"
80-->src\main\AndroidManifest.xml:46:15-79
81                android:resource="@drawable/launch_background" />
81-->src\main\AndroidManifest.xml:47:15-61
82
83            <intent-filter>
83-->src\main\AndroidManifest.xml:49:13-52:29
84                <action android:name="android.intent.action.MAIN" />
84-->src\main\AndroidManifest.xml:50:17-68
84-->src\main\AndroidManifest.xml:50:25-66
85
86                <category android:name="android.intent.category.LAUNCHER" />
86-->src\main\AndroidManifest.xml:51:17-76
86-->src\main\AndroidManifest.xml:51:27-74
87            </intent-filter>
88        </activity>
89
90        <provider
90-->src\main\AndroidManifest.xml:54:8-56:38
91            android:name="com.facebook.FacebookContentProvider"
91-->src\main\AndroidManifest.xml:55:12-63
92            android:authorities="com.facebook.app.FacebookContentProvider932749620958293"
92-->src\main\AndroidManifest.xml:54:18-95
93            android:exported="true" />
93-->src\main\AndroidManifest.xml:56:12-35
94        <!--
95             Don't delete the meta-data below.
96             This is used by the Flutter tool to generate GeneratedPluginRegistrant.java
97        -->
98        <meta-data
98-->src\main\AndroidManifest.xml:59:9-61:33
99            android:name="flutterEmbedding"
99-->src\main\AndroidManifest.xml:60:13-44
100            android:value="2" />
100-->src\main\AndroidManifest.xml:61:13-30
101
102        <activity android:name="com.facebook.CustomTabMainActivity" />
102-->[com.facebook.android:facebook-common:12.0.1] AndroidManifest.xml:34:9-71
102-->[com.facebook.android:facebook-common:12.0.1] AndroidManifest.xml:34:19-68
103        <!--
104         The initialization ContentProvider will call FacebookSdk.sdkInitialize automatically
105         with the application context. This config is merged in with the host app's manifest,
106         but there can only be one provider with the same authority activated at any given
107         point; so if the end user has two or more different apps that use Facebook SDK, only the
108         first one will be able to use the provider. To work around this problem, we use the
109         following placeholder in the authority to identify each host application as if it was
110         a completely different provider.
111        -->
112        <provider
112-->[com.facebook.android:facebook-core:12.0.1] AndroidManifest.xml:39:9-42:40
113            android:name="com.facebook.internal.FacebookInitProvider"
113-->[com.facebook.android:facebook-core:12.0.1] AndroidManifest.xml:40:13-70
114            android:authorities="com.example.smw_shop_backend.FacebookInitProvider"
114-->[com.facebook.android:facebook-core:12.0.1] AndroidManifest.xml:41:13-72
115            android:exported="false" />
115-->[com.facebook.android:facebook-core:12.0.1] AndroidManifest.xml:42:13-37
116
117        <receiver
117-->[com.facebook.android:facebook-core:12.0.1] AndroidManifest.xml:44:9-50:20
118            android:name="com.facebook.CurrentAccessTokenExpirationBroadcastReceiver"
118-->[com.facebook.android:facebook-core:12.0.1] AndroidManifest.xml:45:13-86
119            android:exported="false" >
119-->[com.facebook.android:facebook-core:12.0.1] AndroidManifest.xml:46:13-37
120            <intent-filter>
120-->[com.facebook.android:facebook-core:12.0.1] AndroidManifest.xml:47:13-49:29
121                <action android:name="com.facebook.sdk.ACTION_CURRENT_ACCESS_TOKEN_CHANGED" />
121-->[com.facebook.android:facebook-core:12.0.1] AndroidManifest.xml:48:17-95
121-->[com.facebook.android:facebook-core:12.0.1] AndroidManifest.xml:48:25-92
122            </intent-filter>
123        </receiver>
124        <receiver
124-->[com.facebook.android:facebook-core:12.0.1] AndroidManifest.xml:51:9-57:20
125            android:name="com.facebook.AuthenticationTokenManager$CurrentAuthenticationTokenChangedBroadcastReceiver"
125-->[com.facebook.android:facebook-core:12.0.1] AndroidManifest.xml:52:13-118
126            android:exported="false" >
126-->[com.facebook.android:facebook-core:12.0.1] AndroidManifest.xml:53:13-37
127            <intent-filter>
127-->[com.facebook.android:facebook-core:12.0.1] AndroidManifest.xml:54:13-56:29
128                <action android:name="com.facebook.sdk.ACTION_CURRENT_AUTHENTICATION_TOKEN_CHANGED" />
128-->[com.facebook.android:facebook-core:12.0.1] AndroidManifest.xml:55:17-103
128-->[com.facebook.android:facebook-core:12.0.1] AndroidManifest.xml:55:25-100
129            </intent-filter>
130        </receiver>
131    </application>
132
133</manifest>